Library/Bee/Android/Prj/IL2CPP/Gradle/unityLibrary/build/intermediates/manifest_merge_blame_file/release/manifest-merger-blame-release-report.txt
1<?xml version="1.0" encoding="utf-8"?>
2<manifest xmlns:android="http://schemas.android.com/apk/res/android"
3    xmlns:tools="http://schemas.android.com/tools"
4    package="com.unity3d.player"
5    android:installLocation="auto" >
6
7    <uses-sdk
8        android:minSdkVersion="23"
8-->src\main\AndroidManifest.xml
9        android:targetSdkVersion="33" />
9-->src\main\AndroidManifest.xml
10
11    <supports-gl-texture android:name="GL_KHR_texture_compression_astc_ldr" />
11-->src\main\AndroidManifest.xml:3:3-77
11-->src\main\AndroidManifest.xml:3:24-74
12
13    <uses-permission android:name="android.permission.INTERNET" />
13-->src\main\AndroidManifest.xml:4:3-65
13-->src\main\AndroidManifest.xml:4:20-62
14
15    <uses-feature android:glEsVersion="0x00030000" />
15-->src\main\AndroidManifest.xml:5:3-52
15-->src\main\AndroidManifest.xml:5:17-49
16    <uses-feature
16-->src\main\AndroidManifest.xml:6:3-91
17        android:name="android.hardware.vulkan.version"
17-->src\main\AndroidManifest.xml:6:17-63
18        android:required="false" />
18-->src\main\AndroidManifest.xml:6:64-88
19    <uses-feature
19-->src\main\AndroidManifest.xml:7:3-88
20        android:name="android.hardware.touchscreen"
20-->src\main\AndroidManifest.xml:7:17-60
21        android:required="false" />
21-->src\main\AndroidManifest.xml:7:61-85
22    <uses-feature
22-->src\main\AndroidManifest.xml:8:3-99
23        android:name="android.hardware.touchscreen.multitouch"
23-->src\main\AndroidManifest.xml:8:17-71
24        android:required="false" />
24-->src\main\AndroidManifest.xml:8:72-96
25    <uses-feature
25-->src\main\AndroidManifest.xml:9:3-108
26        android:name="android.hardware.touchscreen.multitouch.distinct"
26-->src\main\AndroidManifest.xml:9:17-80
27        android:required="false" />
27-->src\main\AndroidManifest.xml:9:81-105
28    <uses-feature
28-->src\main\AndroidManifest.xml:34:3-111
29        android:name="android.hardware.vr.headtracking"
29-->src\main\AndroidManifest.xml:34:17-64
30        android:required="true"
30-->src\main\AndroidManifest.xml:34:65-88
31        android:version="1" />
31-->src\main\AndroidManifest.xml:34:89-108
32
33    <application android:extractNativeLibs="true" >
33-->src\main\AndroidManifest.xml:10:3-33:17
33-->src\main\AndroidManifest.xml:10:16-48
34        <meta-data
34-->src\main\AndroidManifest.xml:11:5-69
35            android:name="unity.splash-mode"
35-->src\main\AndroidManifest.xml:11:16-48
36            android:value="0" />
36-->src\main\AndroidManifest.xml:11:49-66
37        <meta-data
37-->src\main\AndroidManifest.xml:12:5-74
38            android:name="unity.splash-enable"
38-->src\main\AndroidManifest.xml:12:16-50
39            android:value="True" />
39-->src\main\AndroidManifest.xml:12:51-71
40        <meta-data
40-->src\main\AndroidManifest.xml:13:5-78
41            android:name="unity.launch-fullscreen"
41-->src\main\AndroidManifest.xml:13:16-54
42            android:value="True" />
42-->src\main\AndroidManifest.xml:13:55-75
43        <meta-data
43-->src\main\AndroidManifest.xml:14:5-84
44            android:name="unity.allow-resizable-window"
44-->src\main\AndroidManifest.xml:14:16-59
45            android:value="False" />
45-->src\main\AndroidManifest.xml:14:60-81
46        <meta-data
46-->src\main\AndroidManifest.xml:15:5-81
47            android:name="notch.config"
47-->src\main\AndroidManifest.xml:15:16-43
48            android:value="portrait|landscape" />
48-->src\main\AndroidManifest.xml:15:44-78
49        <meta-data
49-->src\main\AndroidManifest.xml:16:5-84
50            android:name="unity.auto-report-fully-drawn"
50-->src\main\AndroidManifest.xml:16:16-60
51            android:value="true" />
51-->src\main\AndroidManifest.xml:16:61-81
52        <meta-data
52-->src\main\AndroidManifest.xml:17:5-78
53            android:name="unity.strip-engine-code"
53-->src\main\AndroidManifest.xml:17:16-54
54            android:value="true" />
54-->src\main\AndroidManifest.xml:17:55-75
55
56        <activity
56-->src\main\AndroidManifest.xml:18:5-27:16
57            android:name="com.unity3d.player.UnityPlayerActivity"
57-->src\main\AndroidManifest.xml:18:232-285
58            android:configChanges="keyboard|keyboardHidden|navigation|orientation|screenLayout|screenSize|uiMode"
58-->src\main\AndroidManifest.xml:18:15-116
59            android:enabled="true"
59-->src\main\AndroidManifest.xml:18:117-139
60            android:exported="true"
60-->src\main\AndroidManifest.xml:18:140-163
61            android:hardwareAccelerated="false"
61-->src\main\AndroidManifest.xml:18:164-199
62            android:launchMode="singleTask"
62-->src\main\AndroidManifest.xml:18:200-231
63            android:resizeableActivity="false"
63-->src\main\AndroidManifest.xml:18:286-320
64            android:screenOrientation="landscape"
64-->src\main\AndroidManifest.xml:18:321-358
65            android:theme="@style/UnityThemeSelector" >
65-->src\main\AndroidManifest.xml:18:359-400
66            <intent-filter>
66-->src\main\AndroidManifest.xml:19:7-23:23
67                <category android:name="android.intent.category.LAUNCHER" />
67-->src\main\AndroidManifest.xml:20:9-69
67-->src\main\AndroidManifest.xml:20:19-66
68
69                <action android:name="android.intent.action.MAIN" />
69-->src\main\AndroidManifest.xml:21:9-61
69-->src\main\AndroidManifest.xml:21:17-58
70
71                <category android:name="com.oculus.intent.category.VR" />
71-->src\main\AndroidManifest.xml:22:9-66
71-->src\main\AndroidManifest.xml:22:19-63
72            </intent-filter>
73
74            <meta-data
74-->src\main\AndroidManifest.xml:24:7-82
75                android:name="unityplayer.UnityActivity"
75-->src\main\AndroidManifest.xml:24:18-58
76                android:value="true" />
76-->src\main\AndroidManifest.xml:24:59-79
77            <meta-data
77-->src\main\AndroidManifest.xml:25:7-70
78                android:name="notch_support"
78-->src\main\AndroidManifest.xml:25:18-46
79                android:value="true" />
79-->src\main\AndroidManifest.xml:25:47-67
80            <meta-data
80-->src\main\AndroidManifest.xml:26:7-81
81                android:name="com.oculus.vr.focusaware"
81-->src\main\AndroidManifest.xml:26:18-57
82                android:value="true" />
82-->src\main\AndroidManifest.xml:26:58-78
83        </activity>
84
85        <meta-data
85-->src\main\AndroidManifest.xml:28:5-97
86            android:name="com.samsung.android.vr.application.mode"
86-->src\main\AndroidManifest.xml:28:16-70
87            android:value="vr_only" />
87-->src\main\AndroidManifest.xml:28:71-94
88        <meta-data
88-->src\main\AndroidManifest.xml:29:5-91
89            android:name="com.unity.xr.oculus.LowOverheadMode"
89-->src\main\AndroidManifest.xml:29:16-66
90            android:value="false" />
90-->src\main\AndroidManifest.xml:29:67-88
91        <meta-data
91-->src\main\AndroidManifest.xml:30:5-88
92            android:name="com.unity.xr.oculus.LateLatching"
92-->src\main\AndroidManifest.xml:30:16-63
93            android:value="false" />
93-->src\main\AndroidManifest.xml:30:64-85
94        <meta-data
94-->src\main\AndroidManifest.xml:31:5-93
95            android:name="com.unity.xr.oculus.LateLatchingDebug"
95-->src\main\AndroidManifest.xml:31:16-68
96            android:value="false" />
96-->src\main\AndroidManifest.xml:31:69-90
97        <meta-data
97-->src\main\AndroidManifest.xml:32:5-84
98            android:name="com.oculus.supportedDevices"
98-->src\main\AndroidManifest.xml:32:16-58
99            android:value="quest2" />
99-->src\main\AndroidManifest.xml:32:59-81
100    </application>
101
102</manifest>